============================= test session starts ==============================
platform darwin -- Python 3.11.11, pytest-7.3.1, pluggy-1.5.0
rootdir: /Users/charlieirwin/Documents/GitHub/Anthrasite_LeadFactory
configfile: pytest.ini
plugins: langsmith-0.3.22, cov-4.1.0, asyncio-0.21.1, mock-3.11.1, anyio-3.7.1, timeout-2.3.1, bdd-8.1.0
asyncio: mode=Mode.STRICT
collected 0 items

=============================== warnings summary ===============================
../../../../../opt/homebrew/lib/python3.11/site-packages/_pytest/config/__init__.py:1302
  /opt/homebrew/lib/python3.11/site-packages/_pytest/config/__init__.py:1302: PytestConfigWarning: Unknown config option: env

    self._warn_or_fail_if_strict(f"Unknown config option: {key}\n")

-- Docs: https://docs.pytest.org/en/stable/how-to/capture-warnings.html
============================== 1 warning in 0.01s ==============================
